<?xml version="1.0" encoding="UTF-8"?>
<testsuite name="com.ows.uploadfileim.service.FileMetaServiceTest" time="5.043" tests="3" errors="0" skipped="0" failures="0">
  <properties>
    <property name="java.runtime.name" value="Java(TM) SE Runtime Environment"/>
    <property name="sun.boot.library.path" value="C:\Program Files\Java\jdk1.8\jre\bin"/>
    <property name="java.vm.version" value="25.121-b13"/>
    <property name="java.vm.vendor" value="Oracle Corporation"/>
    <property name="maven.multiModuleProjectDirectory" value="C:\Users\mohaahma\Documents\Workspace-M2\uploadfile"/>
    <property name="java.vendor.url" value="http://java.oracle.com/"/>
    <property name="path.separator" value=";"/>
    <property name="guice.disable.misplaced.annotation.check" value="true"/>
    <property name="java.vm.name" value="Java HotSpot(TM) 64-Bit Server VM"/>
    <property name="file.encoding.pkg" value="sun.io"/>
    <property name="user.script" value=""/>
    <property name="user.country" value="US"/>
    <property name="sun.java.launcher" value="SUN_STANDARD"/>
    <property name="sun.os.patch.level" value=""/>
    <property name="java.vm.specification.name" value="Java Virtual Machine Specification"/>
    <property name="user.dir" value="C:\Users\mohaahma\Documents\Workspace-M2\uploadfile"/>
    <property name="java.runtime.version" value="1.8.0_121-b13"/>
    <property name="java.awt.graphicsenv" value="sun.awt.Win32GraphicsEnvironment"/>
    <property name="java.endorsed.dirs" value="C:\Program Files\Java\jdk1.8\jre\lib\endorsed"/>
    <property name="os.arch" value="amd64"/>
    <property name="java.io.tmpdir" value="C:\Users\mohaahma\AppData\Local\Temp\"/>
    <property name="line.separator" value="&#10;"/>
    <property name="java.vm.specification.vendor" value="Oracle Corporation"/>
    <property name="user.variant" value=""/>
    <property name="os.name" value="Windows 10"/>
    <property name="classworlds.conf" value="C:\Users\mohaahma\Documents\Workspace-M2\.metadata\.plugins\org.eclipse.m2e.launching\launches\m2conf6392185276739148848.tmp"/>
    <property name="sun.jnu.encoding" value="Cp1252"/>
    <property name="java.library.path" value="C:\Program Files\Java\jdk1.8\bin;C:\WINDOWS\Sun\Java\bin;C:\WINDOWS\system32;C:\WINDOWS;C:/Program Files/Java/jdk1.8/bin/../jre/bin/server;C:/Program Files/Java/jdk1.8/bin/../jre/bin;C:/Program Files/Java/jdk1.8/bin/../jre/lib/amd64;C:\Program Files\Docker\Docker\Resources\bin;C:\Program Files\Java\jdk1.8\bin;C:\ProgramData\Oracle\Java\javapath;C:\WINDOWS\system32;C:\WINDOWS;C:\WINDOWS\System32\Wbem;C:\WINDOWS\System32\WindowsPowerShell\v1.0\;C:\Program Files (x86)\WebEx\Productivity Tools;C:\Program Files (x86)\Cisco\OSD-ShellApplications;C:\python-3.6;C:\Program Files (x86)\ActivIdentity\ActivClient\;C:\Program Files\ActivIdentity\ActivClient\;C:\XMART;C:\Astoria\CMS\jython;C:\Astoria\ACS\common\bin;C:\Astoria\CMS\OStore\bin;C:\Astoria\CMS\jre\bin;C:\Astoria\ACS\DITA-OT\tools\ant\bin;-javaagent:C:\XMART\AppDynamics\AppServerAgent-3.9.4.0\javaagent.jar;C:\XMART\common\lib-thirdparty\json-simple-1.1.1.jar;C:\Program Files (x86)\Sennheiser\SoftphoneSDK\;C:\Program Files\Git\bin;C:\Program Files\Git\cmd;C:\putty;C:\HashiCorp\Vagrant\bin;C:\Python35\Scripts\;C:\Python35\;C:\Program Files (x86)\SSH Communications Security\SSH Secure Shell;C:\STS\sts-bundle\sts-3.8.3.RELEASE;;."/>
    <property name="java.specification.name" value="Java Platform API Specification"/>
    <property name="java.class.version" value="52.0"/>
    <property name="sun.management.compiler" value="HotSpot 64-Bit Tiered Compilers"/>
    <property name="os.version" value="10.0"/>
    <property name="user.home" value="C:\Users\mohaahma"/>
    <property name="user.timezone" value="America/New_York"/>
    <property name="java.awt.printerjob" value="sun.awt.windows.WPrinterJob"/>
    <property name="java.specification.version" value="1.8"/>
    <property name="file.encoding" value="Cp1252"/>
    <property name="user.name" value="mohaahma"/>
    <property name="java.class.path" value="/C:/STS/sts-bundle/sts-3.8.3.RELEASE/plugins/org.eclipse.m2e.maven.runtime_1.7.0.20160603-1931/jars/plexus-classworlds-2.5.2.jar"/>
    <property name="java.vm.specification.version" value="1.8"/>
    <property name="sun.arch.data.model" value="64"/>
    <property name="java.home" value="C:\Program Files\Java\jdk1.8\jre"/>
    <property name="sun.java.command" value="org.codehaus.plexus.classworlds.launcher.Launcher -B install"/>
    <property name="java.specification.vendor" value="Oracle Corporation"/>
    <property name="user.language" value="en"/>
    <property name="awt.toolkit" value="sun.awt.windows.WToolkit"/>
    <property name="java.vm.info" value="mixed mode"/>
    <property name="java.version" value="1.8.0_121"/>
    <property name="java.ext.dirs" value="C:\Program Files\Java\jdk1.8\jre\lib\ext;C:\WINDOWS\Sun\Java\lib\ext"/>
    <property name="sun.boot.class.path" value="C:\Program Files\Java\jdk1.8\jre\lib\resources.jar;C:\Program Files\Java\jdk1.8\jre\lib\rt.jar;C:\Program Files\Java\jdk1.8\jre\lib\sunrsasign.jar;C:\Program Files\Java\jdk1.8\jre\lib\jsse.jar;C:\Program Files\Java\jdk1.8\jre\lib\jce.jar;C:\Program Files\Java\jdk1.8\jre\lib\charsets.jar;C:\Program Files\Java\jdk1.8\jre\lib\jfr.jar;C:\Program Files\Java\jdk1.8\jre\classes"/>
    <property name="java.vendor" value="Oracle Corporation"/>
    <property name="maven.home" value="C:\Users\mohaahma\Documents\Workspace-M2\uploadfile\EMBEDDED"/>
    <property name="file.separator" value="\"/>
    <property name="java.vendor.url.bug" value="http://bugreport.sun.com/bugreport/"/>
    <property name="sun.cpu.endian" value="little"/>
    <property name="sun.io.unicode.encoding" value="UnicodeLittle"/>
    <property name="sun.desktop" value="windows"/>
    <property name="sun.cpu.isalist" value="amd64"/>
  </properties>
  <testcase name="testSaveFileMeta" classname="com.ows.uploadfileim.service.FileMetaServiceTest" time="5.012"/>
  <testcase name="testDeleteFileMeta" classname="com.ows.uploadfileim.service.FileMetaServiceTest" time="0.014"/>
  <testcase name="testSearchFileMetas" classname="com.ows.uploadfileim.service.FileMetaServiceTest" time="0.017"/>
</testsuite>